{"C:\\Users\\user\\Desktop\\finance-tracker\\backend\\src\\app.ts": {"path":"C:\\Users\\user\\Desktop\\finance-tracker\\backend\\src\\app.ts","statementMap":{"0":{"start":{"line":1,"column":0},"end":{"line":1,"column":30}},"1":{"start":{"line":2,"column":0},"end":{"line":2,"column":24}},"2":{"start":{"line":3,"column":0},"end":{"line":3,"column":28}},"3":{"start":{"line":4,"column":0},"end":{"line":4,"column":45}},"4":{"start":{"line":5,"column":0},"end":{"line":5,"column":53}},"5":{"start":{"line":6,"column":0},"end":{"line":6,"column":59}},"6":{"start":{"line":7,"column":0},"end":{"line":7,"column":57}},"7":{"start":{"line":8,"column":0},"end":{"line":8,"column":48}},"8":{"start":{"line":10,"column":12},"end":{"line":10,"column":21}},"9":{"start":{"line":13,"column":0},"end":{"line":13,"column":16}},"10":{"start":{"line":14,"column":0},"end":{"line":14,"column":24}},"11":{"start":{"line":15,"column":0},"end":{"line":15,"column":23}},"12":{"start":{"line":18,"column":0},"end":{"line":18,"column":33}},"13":{"start":{"line":19,"column":0},"end":{"line":19,"column":43}},"14":{"start":{"line":20,"column":0},"end":{"line":20,"column":48}},"15":{"start":{"line":21,"column":0},"end":{"line":21,"column":null}},"16":{"start":{"line":24,"column":0},"end":{"line":24,"column":22}},"17":{"start":{"line":26,"column":0},"end":{"line":26,"column":19}}},"fnMap":{},"branchMap":{},"s":{"0":1,"1":1,"2":1,"3":1,"4":1,"5":1,"6":1,"7":1,"8":1,"9":1,"10":1,"11":1,"12":1,"13":1,"14":1,"15":1,"16":1,"17":1},"f":{},"b":{}}
,"C:\\Users\\user\\Desktop\\finance-tracker\\backend\\src\\config\\env.ts": {"path":"C:\\Users\\user\\Desktop\\finance-tracker\\backend\\src\\config\\env.ts","statementMap":{"0":{"start":{"line":1,"column":0},"end":{"line":1,"column":28}},"1":{"start":{"line":2,"column":0},"end":{"line":2,"column":16}},"2":{"start":{"line":4,"column":13},"end":{"line":8,"column":2}}},"fnMap":{},"branchMap":{"0":{"loc":{"start":{"line":5,"column":15},"end":{"line":5,"column":83}},"type":"binary-expr","locations":[{"start":{"line":5,"column":15},"end":{"line":5,"column":36}},{"start":{"line":5,"column":40},"end":{"line":5,"column":83}}]},"1":{"loc":{"start":{"line":6,"column":16},"end":{"line":6,"column":57}},"type":"binary-expr","locations":[{"start":{"line":6,"column":16},"end":{"line":6,"column":38}},{"start":{"line":6,"column":42},"end":{"line":6,"column":57}}]},"2":{"loc":{"start":{"line":7,"column":10},"end":{"line":7,"column":34}},"type":"binary-expr","locations":[{"start":{"line":7,"column":10},"end":{"line":7,"column":26}},{"start":{"line":7,"column":30},"end":{"line":7,"column":34}}]}},"s":{"0":3,"1":3,"2":3},"f":{},"b":{"0":[3,0],"1":[3,0],"2":[3,0]}}
,"C:\\Users\\user\\Desktop\\finance-tracker\\backend\\src\\controllers\\authController.ts": {"path":"C:\\Users\\user\\Desktop\\finance-tracker\\backend\\src\\controllers\\authController.ts","statementMap":{"0":{"start":{"line":2,"column":0},"end":{"line":2,"column":45}},"1":{"start":{"line":3,"column":0},"end":{"line":3,"column":30}},"2":{"start":{"line":4,"column":0},"end":{"line":4,"column":55}},"3":{"start":{"line":5,"column":0},"end":{"line":5,"column":54}},"4":{"start":{"line":6,"column":0},"end":{"line":6,"column":36}},"5":{"start":{"line":8,"column":28},"end":{"line":38,"column":1}},"6":{"start":{"line":9,"column":38},"end":{"line":9,"column":46}},"7":{"start":{"line":11,"column":23},"end":{"line":11,"column":52}},"8":{"start":{"line":12,"column":27},"end":{"line":12,"column":55}},"9":{"start":{"line":13,"column":4},"end":{"line":15,"column":5}},"10":{"start":{"line":14,"column":8},"end":{"line":14,"column":71}},"11":{"start":{"line":17,"column":4},"end":{"line":19,"column":5}},"12":{"start":{"line":18,"column":8},"end":{"line":18,"column":74}},"13":{"start":{"line":21,"column":27},"end":{"line":21,"column":58}},"14":{"start":{"line":22,"column":30},"end":{"line":22,"column":38}},"15":{"start":{"line":24,"column":17},"end":{"line":30,"column":15}},"16":{"start":{"line":32,"column":4},"end":{"line":32,"column":58}},"17":{"start":{"line":34,"column":4},"end":{"line":37,"column":7}},"18":{"start":{"line":8,"column":13},"end":{"line":8,"column":28}},"19":{"start":{"line":40,"column":27},"end":{"line":58,"column":1}},"20":{"start":{"line":41,"column":22},"end":{"line":41,"column":32}},"21":{"start":{"line":43,"column":17},"end":{"line":43,"column":65}},"22":{"start":{"line":45,"column":4},"end":{"line":45,"column":null}},"23":{"start":{"line":46,"column":4},"end":{"line":46,"column":null}},"24":{"start":{"line":49,"column":4},"end":{"line":51,"column":5}},"25":{"start":{"line":50,"column":8},"end":{"line":50,"column":87}},"26":{"start":{"line":53,"column":4},"end":{"line":53,"column":27}},"27":{"start":{"line":54,"column":4},"end":{"line":54,"column":32}},"28":{"start":{"line":55,"column":4},"end":{"line":55,"column":22}},"29":{"start":{"line":57,"column":4},"end":{"line":57,"column":90}},"30":{"start":{"line":40,"column":13},"end":{"line":40,"column":27}},"31":{"start":{"line":61,"column":25},"end":{"line":82,"column":1}},"32":{"start":{"line":62,"column":32},"end":{"line":62,"column":40}},"33":{"start":{"line":64,"column":17},"end":{"line":64,"column":62}},"34":{"start":{"line":65,"column":4},"end":{"line":65,"column":77}},"35":{"start":{"line":65,"column":15},"end":{"line":65,"column":77}},"36":{"start":{"line":67,"column":18},"end":{"line":67,"column":63}},"37":{"start":{"line":68,"column":4},"end":{"line":68,"column":78}},"38":{"start":{"line":68,"column":16},"end":{"line":68,"column":78}},"39":{"start":{"line":70,"column":4},"end":{"line":74,"column":5}},"40":{"start":{"line":71,"column":8},"end":{"line":73,"column":11}},"41":{"start":{"line":76,"column":4},"end":{"line":81,"column":7}},"42":{"start":{"line":61,"column":13},"end":{"line":61,"column":25}},"43":{"start":{"line":85,"column":21},"end":{"line":89,"column":1}},"44":{"start":{"line":86,"column":17},"end":{"line":86,"column":25}},"45":{"start":{"line":87,"column":4},"end":{"line":87,"column":72}},"46":{"start":{"line":87,"column":15},"end":{"line":87,"column":72}},"47":{"start":{"line":88,"column":4},"end":{"line":88,"column":19}},"48":{"start":{"line":85,"column":13},"end":{"line":85,"column":21}}},"fnMap":{"0":{"name":"(anonymous_1)","decl":{"start":{"line":8,"column":28},"end":{"line":8,"column":33}},"loc":{"start":{"line":8,"column":66},"end":{"line":38,"column":1}}},"1":{"name":"(anonymous_2)","decl":{"start":{"line":40,"column":27},"end":{"line":40,"column":32}},"loc":{"start":{"line":40,"column":65},"end":{"line":58,"column":1}}},"2":{"name":"(anonymous_3)","decl":{"start":{"line":61,"column":25},"end":{"line":61,"column":30}},"loc":{"start":{"line":61,"column":63},"end":{"line":82,"column":1}}},"3":{"name":"(anonymous_4)","decl":{"start":{"line":85,"column":21},"end":{"line":85,"column":26}},"loc":{"start":{"line":85,"column":59},"end":{"line":89,"column":1}}}},"branchMap":{"0":{"loc":{"start":{"line":13,"column":4},"end":{"line":15,"column":5}},"type":"if","locations":[{"start":{"line":13,"column":4},"end":{"line":15,"column":5}}]},"1":{"loc":{"start":{"line":17,"column":4},"end":{"line":19,"column":5}},"type":"if","locations":[{"start":{"line":17,"column":4},"end":{"line":19,"column":5}}]},"2":{"loc":{"start":{"line":49,"column":4},"end":{"line":51,"column":5}},"type":"if","locations":[{"start":{"line":49,"column":4},"end":{"line":51,"column":5}}]},"3":{"loc":{"start":{"line":65,"column":4},"end":{"line":65,"column":77}},"type":"if","locations":[{"start":{"line":65,"column":4},"end":{"line":65,"column":77}}]},"4":{"loc":{"start":{"line":68,"column":4},"end":{"line":68,"column":78}},"type":"if","locations":[{"start":{"line":68,"column":4},"end":{"line":68,"column":78}}]},"5":{"loc":{"start":{"line":70,"column":4},"end":{"line":74,"column":5}},"type":"if","locations":[{"start":{"line":70,"column":4},"end":{"line":74,"column":5}}]},"6":{"loc":{"start":{"line":87,"column":4},"end":{"line":87,"column":72}},"type":"if","locations":[{"start":{"line":87,"column":4},"end":{"line":87,"column":72}}]}},"s":{"0":1,"1":1,"2":1,"3":1,"4":1,"5":1,"6":4,"7":4,"8":4,"9":4,"10":2,"11":2,"12":1,"13":1,"14":1,"15":1,"16":1,"17":1,"18":1,"19":1,"20":2,"21":2,"22":2,"23":2,"24":2,"25":1,"26":1,"27":1,"28":1,"29":1,"30":1,"31":1,"32":4,"33":4,"34":4,"35":1,"36":3,"37":3,"38":1,"39":2,"40":1,"41":1,"42":1,"43":1,"44":2,"45":2,"46":1,"47":1,"48":1},"f":{"0":4,"1":2,"2":4,"3":2},"b":{"0":[2],"1":[1],"2":[1],"3":[1],"4":[1],"5":[1],"6":[1]}}
,"C:\\Users\\user\\Desktop\\finance-tracker\\backend\\src\\controllers\\budgetController.ts": {"path":"C:\\Users\\user\\Desktop\\finance-tracker\\backend\\src\\controllers\\budgetController.ts","statementMap":{"0":{"start":{"line":2,"column":0},"end":{"line":2,"column":38}},"1":{"start":{"line":3,"column":0},"end":{"line":3,"column":47}},"2":{"start":{"line":4,"column":0},"end":{"line":4,"column":56}},"3":{"start":{"line":6,"column":25},"end":{"line":38,"column":1}},"4":{"start":{"line":7,"column":2},"end":{"line":37,"column":3}},"5":{"start":{"line":8,"column":19},"end":{"line":8,"column":31}},"6":{"start":{"line":10,"column":20},"end":{"line":10,"column":62}},"7":{"start":{"line":12,"column":4},"end":{"line":16,"column":5}},"8":{"start":{"line":13,"column":6},"end":{"line":15,"column":9}},"9":{"start":{"line":18,"column":22},"end":{"line":18,"column":45}},"10":{"start":{"line":18,"column":39},"end":{"line":18,"column":44}},"11":{"start":{"line":21,"column":24},"end":{"line":21,"column":86}},"12":{"start":{"line":24,"column":29},"end":{"line":30,"column":6}},"13":{"start":{"line":25,"column":20},"end":{"line":25,"column":98}},"14":{"start":{"line":25,"column":47},"end":{"line":25,"column":97}},"15":{"start":{"line":26,"column":6},"end":{"line":29,"column":8}},"16":{"start":{"line":32,"column":4},"end":{"line":32,"column":63}},"17":{"start":{"line":35,"column":4},"end":{"line":35,"column":33}},"18":{"start":{"line":36,"column":4},"end":{"line":36,"column":70}},"19":{"start":{"line":6,"column":13},"end":{"line":6,"column":25}},"20":{"start":{"line":41,"column":28},"end":{"line":64,"column":1}},"21":{"start":{"line":42,"column":2},"end":{"line":63,"column":3}},"22":{"start":{"line":43,"column":19},"end":{"line":46,"column":null}},"23":{"start":{"line":49,"column":4},"end":{"line":51,"column":5}},"24":{"start":{"line":50,"column":6},"end":{"line":50,"column":93}},"25":{"start":{"line":53,"column":4},"end":{"line":56,"column":7}},"26":{"start":{"line":58,"column":4},"end":{"line":58,"column":33}},"27":{"start":{"line":59,"column":4},"end":{"line":62,"column":7}},"28":{"start":{"line":41,"column":13},"end":{"line":41,"column":28}},"29":{"start":{"line":67,"column":28},"end":{"line":94,"column":1}},"30":{"start":{"line":68,"column":2},"end":{"line":93,"column":3}},"31":{"start":{"line":69,"column":19},"end":{"line":72,"column":6}},"32":{"start":{"line":74,"column":4},"end":{"line":78,"column":5}},"33":{"start":{"line":75,"column":6},"end":{"line":77,"column":9}},"34":{"start":{"line":81,"column":4},"end":{"line":81,"column":65}},"35":{"start":{"line":83,"column":4},"end":{"line":86,"column":7}},"36":{"start":{"line":88,"column":4},"end":{"line":88,"column":33}},"37":{"start":{"line":89,"column":4},"end":{"line":92,"column":7}},"38":{"start":{"line":67,"column":13},"end":{"line":67,"column":28}},"39":{"start":{"line":97,"column":28},"end":{"line":132,"column":1}},"40":{"start":{"line":98,"column":2},"end":{"line":131,"column":3}},"41":{"start":{"line":99,"column":91},"end":{"line":99,"column":99}},"42":{"start":{"line":101,"column":24},"end":{"line":101,"column":73}},"43":{"start":{"line":101,"column":52},"end":{"line":101,"column":69}},"44":{"start":{"line":103,"column":19},"end":{"line":107,"column":6}},"45":{"start":{"line":109,"column":4},"end":{"line":117,"column":5}},"46":{"start":{"line":110,"column":6},"end":{"line":116,"column":9}},"47":{"start":{"line":120,"column":4},"end":{"line":120,"column":77}},"48":{"start":{"line":122,"column":4},"end":{"line":125,"column":7}},"49":{"start":{"line":127,"column":4},"end":{"line":130,"column":7}},"50":{"start":{"line":97,"column":13},"end":{"line":97,"column":28}}},"fnMap":{"0":{"name":"(anonymous_1)","decl":{"start":{"line":6,"column":25},"end":{"line":6,"column":30}},"loc":{"start":{"line":6,"column":63},"end":{"line":38,"column":1}}},"1":{"name":"(anonymous_2)","decl":{"start":{"line":18,"column":34},"end":{"line":18,"column":35}},"loc":{"start":{"line":18,"column":39},"end":{"line":18,"column":44}}},"2":{"name":"(anonymous_3)","decl":{"start":{"line":24,"column":41},"end":{"line":24,"column":47}},"loc":{"start":{"line":24,"column":50},"end":{"line":30,"column":5}}},"3":{"name":"(anonymous_4)","decl":{"start":{"line":25,"column":39},"end":{"line":25,"column":43}},"loc":{"start":{"line":25,"column":47},"end":{"line":25,"column":97}}},"4":{"name":"(anonymous_5)","decl":{"start":{"line":41,"column":28},"end":{"line":41,"column":33}},"loc":{"start":{"line":41,"column":66},"end":{"line":64,"column":1}}},"5":{"name":"(anonymous_6)","decl":{"start":{"line":67,"column":28},"end":{"line":67,"column":33}},"loc":{"start":{"line":67,"column":66},"end":{"line":94,"column":1}}},"6":{"name":"(anonymous_7)","decl":{"start":{"line":97,"column":28},"end":{"line":97,"column":33}},"loc":{"start":{"line":97,"column":66},"end":{"line":132,"column":1}}},"7":{"name":"(anonymous_8)","decl":{"start":{"line":101,"column":37},"end":{"line":101,"column":38}},"loc":{"start":{"line":101,"column":52},"end":{"line":101,"column":69}}}},"branchMap":{"0":{"loc":{"start":{"line":12,"column":4},"end":{"line":16,"column":5}},"type":"if","locations":[{"start":{"line":12,"column":4},"end":{"line":16,"column":5}}]},"1":{"loc":{"start":{"line":12,"column":8},"end":{"line":12,"column":40}},"type":"binary-expr","locations":[{"start":{"line":12,"column":8},"end":{"line":12,"column":16}},{"start":{"line":12,"column":20},"end":{"line":12,"column":40}}]},"2":{"loc":{"start":{"line":49,"column":4},"end":{"line":51,"column":5}},"type":"if","locations":[{"start":{"line":49,"column":4},"end":{"line":51,"column":5}}]},"3":{"loc":{"start":{"line":74,"column":4},"end":{"line":78,"column":5}},"type":"if","locations":[{"start":{"line":74,"column":4},"end":{"line":78,"column":5}}]}},"s":{"0":2,"1":2,"2":2,"3":2,"4":3,"5":3,"6":3,"7":0,"8":0,"9":0,"10":0,"11":0,"12":0,"13":0,"14":0,"15":0,"16":0,"17":3,"18":3,"19":2,"20":2,"21":3,"22":3,"23":2,"24":1,"25":1,"26":1,"27":1,"28":2,"29":2,"30":3,"31":3,"32":2,"33":1,"34":1,"35":1,"36":1,"37":1,"38":2,"39":2,"40":2,"41":2,"42":2,"43":2,"44":2,"45":1,"46":2,"47":1,"48":0,"49":2,"50":2},"f":{"0":3,"1":0,"2":0,"3":0,"4":3,"5":3,"6":2,"7":2},"b":{"0":[0],"1":[0,0],"2":[1],"3":[1]}}
,"C:\\Users\\user\\Desktop\\finance-tracker\\backend\\src\\controllers\\categoryController.ts": {"path":"C:\\Users\\user\\Desktop\\finance-tracker\\backend\\src\\controllers\\categoryController.ts","statementMap":{"0":{"start":{"line":2,"column":0},"end":{"line":2,"column":57}},"1":{"start":{"line":4,"column":30},"end":{"line":13,"column":1}},"2":{"start":{"line":5,"column":4},"end":{"line":12,"column":5}},"3":{"start":{"line":6,"column":31},"end":{"line":6,"column":39}},"4":{"start":{"line":7,"column":21},"end":{"line":7,"column":33}},"5":{"start":{"line":8,"column":25},"end":{"line":8,"column":81}},"6":{"start":{"line":9,"column":8},"end":{"line":9,"column":39}},"7":{"start":{"line":11,"column":8},"end":{"line":11,"column":66}},"8":{"start":{"line":4,"column":13},"end":{"line":4,"column":30}},"9":{"start":{"line":15,"column":29},"end":{"line":23,"column":1}},"10":{"start":{"line":16,"column":4},"end":{"line":22,"column":5}},"11":{"start":{"line":17,"column":21},"end":{"line":17,"column":33}},"12":{"start":{"line":18,"column":27},"end":{"line":18,"column":56}},"13":{"start":{"line":19,"column":8},"end":{"line":19,"column":29}},"14":{"start":{"line":21,"column":8},"end":{"line":21,"column":66}},"15":{"start":{"line":15,"column":13},"end":{"line":15,"column":29}},"16":{"start":{"line":25,"column":30},"end":{"line":41,"column":1}},"17":{"start":{"line":26,"column":4},"end":{"line":40,"column":5}},"18":{"start":{"line":27,"column":23},"end":{"line":27,"column":33}},"19":{"start":{"line":28,"column":31},"end":{"line":28,"column":39}},"20":{"start":{"line":29,"column":21},"end":{"line":29,"column":33}},"21":{"start":{"line":31,"column":25},"end":{"line":34,"column":null}},"22":{"start":{"line":36,"column":8},"end":{"line":36,"column":84}},"23":{"start":{"line":36,"column":23},"end":{"line":36,"column":84}},"24":{"start":{"line":37,"column":8},"end":{"line":37,"column":27}},"25":{"start":{"line":39,"column":8},"end":{"line":39,"column":66}},"26":{"start":{"line":25,"column":13},"end":{"line":25,"column":30}},"27":{"start":{"line":43,"column":30},"end":{"line":54,"column":1}},"28":{"start":{"line":44,"column":4},"end":{"line":53,"column":5}},"29":{"start":{"line":45,"column":23},"end":{"line":45,"column":33}},"30":{"start":{"line":46,"column":21},"end":{"line":46,"column":33}},"31":{"start":{"line":48,"column":25},"end":{"line":48,"column":75}},"32":{"start":{"line":49,"column":8},"end":{"line":49,"column":84}},"33":{"start":{"line":49,"column":23},"end":{"line":49,"column":84}},"34":{"start":{"line":50,"column":8},"end":{"line":50,"column":50}},"35":{"start":{"line":52,"column":8},"end":{"line":52,"column":66}},"36":{"start":{"line":43,"column":13},"end":{"line":43,"column":30}}},"fnMap":{"0":{"name":"(anonymous_1)","decl":{"start":{"line":4,"column":30},"end":{"line":4,"column":35}},"loc":{"start":{"line":4,"column":68},"end":{"line":13,"column":1}}},"1":{"name":"(anonymous_2)","decl":{"start":{"line":15,"column":29},"end":{"line":15,"column":34}},"loc":{"start":{"line":15,"column":67},"end":{"line":23,"column":1}}},"2":{"name":"(anonymous_3)","decl":{"start":{"line":25,"column":30},"end":{"line":25,"column":35}},"loc":{"start":{"line":25,"column":68},"end":{"line":41,"column":1}}},"3":{"name":"(anonymous_4)","decl":{"start":{"line":43,"column":30},"end":{"line":43,"column":35}},"loc":{"start":{"line":43,"column":68},"end":{"line":54,"column":1}}}},"branchMap":{"0":{"loc":{"start":{"line":36,"column":8},"end":{"line":36,"column":84}},"type":"if","locations":[{"start":{"line":36,"column":8},"end":{"line":36,"column":84}}]},"1":{"loc":{"start":{"line":49,"column":8},"end":{"line":49,"column":84}},"type":"if","locations":[{"start":{"line":49,"column":8},"end":{"line":49,"column":84}}]}},"s":{"0":2,"1":2,"2":2,"3":2,"4":2,"5":2,"6":1,"7":1,"8":2,"9":2,"10":2,"11":2,"12":2,"13":1,"14":1,"15":2,"16":2,"17":3,"18":3,"19":3,"20":3,"21":3,"22":2,"23":1,"24":1,"25":1,"26":2,"27":2,"28":3,"29":3,"30":3,"31":3,"32":2,"33":1,"34":1,"35":1,"36":2},"f":{"0":2,"1":2,"2":3,"3":3},"b":{"0":[1],"1":[1]}}
,"C:\\Users\\user\\Desktop\\finance-tracker\\backend\\src\\controllers\\transactionController.ts": {"path":"C:\\Users\\user\\Desktop\\finance-tracker\\backend\\src\\controllers\\transactionController.ts","statementMap":{"0":{"start":{"line":2,"column":0},"end":{"line":2,"column":66}},"1":{"start":{"line":3,"column":0},"end":{"line":3,"column":42}},"2":{"start":{"line":5,"column":31},"end":{"line":55,"column":1}},"3":{"start":{"line":6,"column":4},"end":{"line":54,"column":5}},"4":{"start":{"line":7,"column":21},"end":{"line":7,"column":33}},"5":{"start":{"line":16,"column":12},"end":{"line":16,"column":21}},"6":{"start":{"line":18,"column":27},"end":{"line":18,"column":35}},"7":{"start":{"line":19,"column":8},"end":{"line":21,"column":9}},"8":{"start":{"line":20,"column":12},"end":{"line":20,"column":32}},"9":{"start":{"line":22,"column":8},"end":{"line":26,"column":9}},"10":{"start":{"line":23,"column":12},"end":{"line":23,"column":28}},"11":{"start":{"line":24,"column":12},"end":{"line":24,"column":75}},"12":{"start":{"line":24,"column":27},"end":{"line":24,"column":75}},"13":{"start":{"line":25,"column":12},"end":{"line":25,"column":71}},"14":{"start":{"line":25,"column":25},"end":{"line":25,"column":71}},"15":{"start":{"line":28,"column":29},"end":{"line":28,"column":31}},"16":{"start":{"line":29,"column":8},"end":{"line":29,"column":59}},"17":{"start":{"line":31,"column":24},"end":{"line":31,"column":57}},"18":{"start":{"line":32,"column":25},"end":{"line":32,"column":60}},"19":{"start":{"line":34,"column":38},"end":{"line":41,"column":10}},"20":{"start":{"line":43,"column":8},"end":{"line":51,"column":11}},"21":{"start":{"line":53,"column":8},"end":{"line":53,"column":66}},"22":{"start":{"line":5,"column":13},"end":{"line":5,"column":31}},"23":{"start":{"line":57,"column":33},"end":{"line":81,"column":1}},"24":{"start":{"line":58,"column":4},"end":{"line":80,"column":5}},"25":{"start":{"line":59,"column":21},"end":{"line":59,"column":33}},"26":{"start":{"line":60,"column":62},"end":{"line":60,"column":70}},"27":{"start":{"line":62,"column":28},"end":{"line":62,"column":75}},"28":{"start":{"line":63,"column":8},"end":{"line":65,"column":9}},"29":{"start":{"line":64,"column":12},"end":{"line":64,"column":93}},"30":{"start":{"line":67,"column":31},"end":{"line":74,"column":26}},"31":{"start":{"line":76,"column":37},"end":{"line":76,"column":104}},"32":{"start":{"line":77,"column":8},"end":{"line":77,"column":51}},"33":{"start":{"line":79,"column":8},"end":{"line":79,"column":66}},"34":{"start":{"line":57,"column":13},"end":{"line":57,"column":33}},"35":{"start":{"line":83,"column":33},"end":{"line":94,"column":1}},"36":{"start":{"line":84,"column":4},"end":{"line":93,"column":5}},"37":{"start":{"line":85,"column":21},"end":{"line":85,"column":33}},"38":{"start":{"line":86,"column":23},"end":{"line":86,"column":33}},"39":{"start":{"line":88,"column":28},"end":{"line":88,"column":81}},"40":{"start":{"line":89,"column":8},"end":{"line":89,"column":90}},"41":{"start":{"line":89,"column":26},"end":{"line":89,"column":90}},"42":{"start":{"line":90,"column":8},"end":{"line":90,"column":53}},"43":{"start":{"line":92,"column":8},"end":{"line":92,"column":66}},"44":{"start":{"line":83,"column":13},"end":{"line":83,"column":33}},"45":{"start":{"line":96,"column":35},"end":{"line":137,"column":1}},"46":{"start":{"line":97,"column":4},"end":{"line":136,"column":5}},"47":{"start":{"line":98,"column":21},"end":{"line":98,"column":33}},"48":{"start":{"line":99,"column":39},"end":{"line":99,"column":48}},"49":{"start":{"line":101,"column":31},"end":{"line":101,"column":33}},"50":{"start":{"line":102,"column":8},"end":{"line":102,"column":70}},"51":{"start":{"line":102,"column":23},"end":{"line":102,"column":70}},"52":{"start":{"line":103,"column":8},"end":{"line":103,"column":66}},"53":{"start":{"line":103,"column":21},"end":{"line":103,"column":66}},"54":{"start":{"line":105,"column":22},"end":{"line":105,"column":84}},"55":{"start":{"line":107,"column":22},"end":{"line":116,"column":10}},"56":{"start":{"line":118,"column":31},"end":{"line":121,"column":10}},"57":{"start":{"line":123,"column":8},"end":{"line":128,"column":11}},"58":{"start":{"line":124,"column":12},"end":{"line":127,"column":14}},"59":{"start":{"line":130,"column":8},"end":{"line":133,"column":11}},"60":{"start":{"line":135,"column":8},"end":{"line":135,"column":66}},"61":{"start":{"line":96,"column":13},"end":{"line":96,"column":35}}},"fnMap":{"0":{"name":"(anonymous_1)","decl":{"start":{"line":5,"column":31},"end":{"line":5,"column":36}},"loc":{"start":{"line":5,"column":69},"end":{"line":55,"column":1}}},"1":{"name":"(anonymous_2)","decl":{"start":{"line":57,"column":33},"end":{"line":57,"column":38}},"loc":{"start":{"line":57,"column":71},"end":{"line":81,"column":1}}},"2":{"name":"(anonymous_3)","decl":{"start":{"line":83,"column":33},"end":{"line":83,"column":38}},"loc":{"start":{"line":83,"column":71},"end":{"line":94,"column":1}}},"3":{"name":"(anonymous_4)","decl":{"start":{"line":96,"column":35},"end":{"line":96,"column":40}},"loc":{"start":{"line":96,"column":73},"end":{"line":137,"column":1}}},"4":{"name":"(anonymous_5)","decl":{"start":{"line":123,"column":22},"end":{"line":123,"column":23}},"loc":{"start":{"line":123,"column":31},"end":{"line":128,"column":9}}}},"branchMap":{"0":{"loc":{"start":{"line":9,"column":12},"end":{"line":9,"column":26}},"type":"default-arg","locations":[{"start":{"line":9,"column":21},"end":{"line":9,"column":26}}]},"1":{"loc":{"start":{"line":10,"column":12},"end":{"line":10,"column":25}},"type":"default-arg","locations":[{"start":{"line":10,"column":19},"end":{"line":10,"column":25}}]},"2":{"loc":{"start":{"line":11,"column":12},"end":{"line":11,"column":26}},"type":"default-arg","locations":[{"start":{"line":11,"column":20},"end":{"line":11,"column":26}}]},"3":{"loc":{"start":{"line":12,"column":12},"end":{"line":12,"column":20}},"type":"default-arg","locations":[{"start":{"line":12,"column":19},"end":{"line":12,"column":20}}]},"4":{"loc":{"start":{"line":13,"column":12},"end":{"line":13,"column":22}},"type":"default-arg","locations":[{"start":{"line":13,"column":20},"end":{"line":13,"column":22}}]},"5":{"loc":{"start":{"line":19,"column":8},"end":{"line":21,"column":9}},"type":"if","locations":[{"start":{"line":19,"column":8},"end":{"line":21,"column":9}}]},"6":{"loc":{"start":{"line":22,"column":8},"end":{"line":26,"column":9}},"type":"if","locations":[{"start":{"line":22,"column":8},"end":{"line":26,"column":9}}]},"7":{"loc":{"start":{"line":22,"column":12},"end":{"line":22,"column":32}},"type":"binary-expr","locations":[{"start":{"line":22,"column":12},"end":{"line":22,"column":21}},{"start":{"line":22,"column":25},"end":{"line":22,"column":32}}]},"8":{"loc":{"start":{"line":24,"column":12},"end":{"line":24,"column":75}},"type":"if","locations":[{"start":{"line":24,"column":12},"end":{"line":24,"column":75}}]},"9":{"loc":{"start":{"line":25,"column":12},"end":{"line":25,"column":71}},"type":"if","locations":[{"start":{"line":25,"column":12},"end":{"line":25,"column":71}}]},"10":{"loc":{"start":{"line":29,"column":34},"end":{"line":29,"column":58}},"type":"cond-expr","locations":[{"start":{"line":29,"column":52},"end":{"line":29,"column":53}},{"start":{"line":29,"column":56},"end":{"line":29,"column":58}}]},"11":{"loc":{"start":{"line":31,"column":24},"end":{"line":31,"column":57}},"type":"binary-expr","locations":[{"start":{"line":31,"column":24},"end":{"line":31,"column":52}},{"start":{"line":31,"column":56},"end":{"line":31,"column":57}}]},"12":{"loc":{"start":{"line":32,"column":25},"end":{"line":32,"column":60}},"type":"binary-expr","locations":[{"start":{"line":32,"column":25},"end":{"line":32,"column":54}},{"start":{"line":32,"column":58},"end":{"line":32,"column":60}}]},"13":{"loc":{"start":{"line":63,"column":8},"end":{"line":65,"column":9}},"type":"if","locations":[{"start":{"line":63,"column":8},"end":{"line":65,"column":9}}]},"14":{"loc":{"start":{"line":89,"column":8},"end":{"line":89,"column":90}},"type":"if","locations":[{"start":{"line":89,"column":8},"end":{"line":89,"column":90}}]},"15":{"loc":{"start":{"line":102,"column":8},"end":{"line":102,"column":70}},"type":"if","locations":[{"start":{"line":102,"column":8},"end":{"line":102,"column":70}}]},"16":{"loc":{"start":{"line":103,"column":8},"end":{"line":103,"column":66}},"type":"if","locations":[{"start":{"line":103,"column":8},"end":{"line":103,"column":66}}]},"17":{"loc":{"start":{"line":105,"column":34},"end":{"line":105,"column":81}},"type":"cond-expr","locations":[{"start":{"line":105,"column":57},"end":{"line":105,"column":76}},{"start":{"line":105,"column":79},"end":{"line":105,"column":81}}]},"18":{"loc":{"start":{"line":105,"column":34},"end":{"line":105,"column":54}},"type":"binary-expr","locations":[{"start":{"line":105,"column":34},"end":{"line":105,"column":43}},{"start":{"line":105,"column":47},"end":{"line":105,"column":54}}]}},"s":{"0":2,"1":2,"2":2,"3":2,"4":2,"5":2,"6":2,"7":2,"8":0,"9":2,"10":0,"11":0,"12":0,"13":0,"14":0,"15":2,"16":2,"17":2,"18":2,"19":2,"20":1,"21":1,"22":2,"23":2,"24":3,"25":3,"26":3,"27":3,"28":2,"29":1,"30":1,"31":1,"32":1,"33":1,"34":2,"35":2,"36":3,"37":3,"38":3,"39":3,"40":2,"41":1,"42":1,"43":1,"44":2,"45":2,"46":3,"47":3,"48":3,"49":3,"50":3,"51":1,"52":3,"53":1,"54":3,"55":3,"56":2,"57":2,"58":2,"59":2,"60":1,"61":2},"f":{"0":2,"1":3,"2":3,"3":3,"4":2},"b":{"0":[1],"1":[1],"2":[1],"3":[1],"4":[1],"5":[0],"6":[0],"7":[2,2],"8":[0],"9":[0],"10":[0,2],"11":[2,0],"12":[2,0],"13":[1],"14":[1],"15":[1],"16":[1],"17":[1,2],"18":[3,2]}}
,"C:\\Users\\user\\Desktop\\finance-tracker\\backend\\src\\middleware\\authMiddleware.ts": {"path":"C:\\Users\\user\\Desktop\\finance-tracker\\backend\\src\\middleware\\authMiddleware.ts","statementMap":{"0":{"start":{"line":2,"column":0},"end":{"line":2,"column":31}},"1":{"start":{"line":3,"column":0},"end":{"line":3,"column":36}},"2":{"start":{"line":4,"column":0},"end":{"line":4,"column":34}},"3":{"start":{"line":18,"column":23},"end":{"line":46,"column":1}},"4":{"start":{"line":25,"column":4},"end":{"line":30,"column":5}},"5":{"start":{"line":29,"column":8},"end":{"line":29,"column":56}},"6":{"start":{"line":32,"column":4},"end":{"line":34,"column":5}},"7":{"start":{"line":33,"column":8},"end":{"line":33,"column":75}},"8":{"start":{"line":36,"column":4},"end":{"line":45,"column":5}},"9":{"start":{"line":37,"column":24},"end":{"line":37,"column":71}},"10":{"start":{"line":38,"column":8},"end":{"line":38,"column":71}},"11":{"start":{"line":39,"column":8},"end":{"line":41,"column":9}},"12":{"start":{"line":40,"column":12},"end":{"line":40,"column":85}},"13":{"start":{"line":42,"column":8},"end":{"line":42,"column":15}},"14":{"start":{"line":44,"column":8},"end":{"line":44,"column":79}},"15":{"start":{"line":18,"column":13},"end":{"line":18,"column":23}}},"fnMap":{"0":{"name":"(anonymous_1)","decl":{"start":{"line":18,"column":23},"end":{"line":18,"column":28}},"loc":{"start":{"line":22,"column":4},"end":{"line":46,"column":1}}}},"branchMap":{"0":{"loc":{"start":{"line":25,"column":4},"end":{"line":30,"column":5}},"type":"if","locations":[{"start":{"line":25,"column":4},"end":{"line":30,"column":5}}]},"1":{"loc":{"start":{"line":26,"column":8},"end":{"line":27,"column":54}},"type":"binary-expr","locations":[{"start":{"line":26,"column":8},"end":{"line":26,"column":33}},{"start":{"line":27,"column":8},"end":{"line":27,"column":54}}]},"2":{"loc":{"start":{"line":32,"column":4},"end":{"line":34,"column":5}},"type":"if","locations":[{"start":{"line":32,"column":4},"end":{"line":34,"column":5}}]},"3":{"loc":{"start":{"line":39,"column":8},"end":{"line":41,"column":9}},"type":"if","locations":[{"start":{"line":39,"column":8},"end":{"line":41,"column":9}}]}},"s":{"0":2,"1":2,"2":2,"3":2,"4":5,"5":3,"6":5,"7":2,"8":3,"9":3,"10":2,"11":0,"12":0,"13":0,"14":3,"15":2},"f":{"0":5},"b":{"0":[3],"1":[5,4],"2":[2],"3":[0]}}
,"C:\\Users\\user\\Desktop\\finance-tracker\\backend\\src\\middleware\\categoryMiddleware.ts": {"path":"C:\\Users\\user\\Desktop\\finance-tracker\\backend\\src\\middleware\\categoryMiddleware.ts","statementMap":{"0":{"start":{"line":2,"column":0},"end":{"line":2,"column":42}},"1":{"start":{"line":4,"column":36},"end":{"line":35,"column":1}},"2":{"start":{"line":5,"column":3},"end":{"line":34,"column":4}},"3":{"start":{"line":6,"column":28},"end":{"line":6,"column":36}},"4":{"start":{"line":8,"column":4},"end":{"line":12,"column":5}},"5":{"start":{"line":9,"column":8},"end":{"line":11,"column":null}},"6":{"start":{"line":14,"column":25},"end":{"line":17,"column":6}},"7":{"start":{"line":19,"column":4},"end":{"line":23,"column":5}},"8":{"start":{"line":20,"column":8},"end":{"line":22,"column":null}},"9":{"start":{"line":25,"column":4},"end":{"line":25,"column":null}},"10":{"start":{"line":27,"column":4},"end":{"line":27,"column":null}},"11":{"start":{"line":30,"column":4},"end":{"line":30,"column":null}},"12":{"start":{"line":31,"column":4},"end":{"line":33,"column":null}},"13":{"start":{"line":4,"column":13},"end":{"line":4,"column":36}}},"fnMap":{"0":{"name":"(anonymous_1)","decl":{"start":{"line":4,"column":36},"end":{"line":4,"column":41}},"loc":{"start":{"line":4,"column":90},"end":{"line":35,"column":1}}}},"branchMap":{"0":{"loc":{"start":{"line":8,"column":4},"end":{"line":12,"column":5}},"type":"if","locations":[{"start":{"line":8,"column":4},"end":{"line":12,"column":5}}]},"1":{"loc":{"start":{"line":8,"column":7},"end":{"line":8,"column":25}},"type":"binary-expr","locations":[{"start":{"line":8,"column":7},"end":{"line":8,"column":16}},{"start":{"line":8,"column":20},"end":{"line":8,"column":25}}]},"2":{"loc":{"start":{"line":19,"column":4},"end":{"line":23,"column":5}},"type":"if","locations":[{"start":{"line":19,"column":4},"end":{"line":23,"column":5}}]}},"s":{"0":2,"1":2,"2":4,"3":4,"4":4,"5":1,"6":3,"7":2,"8":1,"9":1,"10":1,"11":1,"12":1,"13":2},"f":{"0":4},"b":{"0":[1],"1":[4,4],"2":[1]}}
,"C:\\Users\\user\\Desktop\\finance-tracker\\backend\\src\\middleware\\errorHandler.ts": {"path":"C:\\Users\\user\\Desktop\\finance-tracker\\backend\\src\\middleware\\errorHandler.ts","statementMap":{"0":{"start":{"line":3,"column":28},"end":{"line":11,"column":1}},"1":{"start":{"line":9,"column":2},"end":{"line":9,"column":27}},"2":{"start":{"line":10,"column":2},"end":{"line":10,"column":47}},"3":{"start":{"line":3,"column":13},"end":{"line":3,"column":28}}},"fnMap":{"0":{"name":"(anonymous_0)","decl":{"start":{"line":3,"column":28},"end":{"line":3,"column":null}},"loc":{"start":{"line":8,"column":4},"end":{"line":11,"column":1}}}},"branchMap":{},"s":{"0":1,"1":0,"2":0,"3":1},"f":{"0":0},"b":{}}
,"C:\\Users\\user\\Desktop\\finance-tracker\\backend\\src\\middleware\\validateRequest.ts": {"path":"C:\\Users\\user\\Desktop\\finance-tracker\\backend\\src\\middleware\\validateRequest.ts","statementMap":{"0":{"start":{"line":4,"column":31},"end":{"line":10,"column":1}},"1":{"start":{"line":5,"column":4},"end":{"line":9,"column":6}},"2":{"start":{"line":6,"column":26},"end":{"line":6,"column":51}},"3":{"start":{"line":7,"column":8},"end":{"line":7,"column":84}},"4":{"start":{"line":7,"column":19},"end":{"line":7,"column":84}},"5":{"start":{"line":8,"column":8},"end":{"line":8,"column":15}},"6":{"start":{"line":4,"column":13},"end":{"line":4,"column":31}}},"fnMap":{"0":{"name":"(anonymous_0)","decl":{"start":{"line":4,"column":31},"end":{"line":4,"column":32}},"loc":{"start":{"line":4,"column":50},"end":{"line":10,"column":1}}},"1":{"name":"(anonymous_1)","decl":{"start":{"line":5,"column":11},"end":{"line":5,"column":12}},"loc":{"start":{"line":5,"column":63},"end":{"line":9,"column":5}}}},"branchMap":{"0":{"loc":{"start":{"line":7,"column":8},"end":{"line":7,"column":84}},"type":"if","locations":[{"start":{"line":7,"column":8},"end":{"line":7,"column":84}}]}},"s":{"0":1,"1":5,"2":1,"3":1,"4":0,"5":1,"6":1},"f":{"0":5,"1":1},"b":{"0":[0]}}
,"C:\\Users\\user\\Desktop\\finance-tracker\\backend\\src\\models\\Budget.ts": {"path":"C:\\Users\\user\\Desktop\\finance-tracker\\backend\\src\\models\\Budget.ts","statementMap":{"0":{"start":{"line":1,"column":0},"end":{"line":1,"column":52}},"1":{"start":{"line":20,"column":20},"end":{"line":31,"column":null}},"2":{"start":{"line":34,"column":14},"end":{"line":34,"column":61}},"3":{"start":{"line":35,"column":0},"end":{"line":35,"column":null}}},"fnMap":{},"branchMap":{},"s":{"0":2,"1":2,"2":2,"3":2},"f":{},"b":{}}
,"C:\\Users\\user\\Desktop\\finance-tracker\\backend\\src\\models\\BudgetItems.ts": {"path":"C:\\Users\\user\\Desktop\\finance-tracker\\backend\\src\\models\\BudgetItems.ts","statementMap":{"0":{"start":{"line":1,"column":0},"end":{"line":1,"column":52}},"1":{"start":{"line":13,"column":19},"end":{"line":19,"column":2}},"2":{"start":{"line":21,"column":18},"end":{"line":21,"column":72}},"3":{"start":{"line":23,"column":0},"end":{"line":23,"column":null}}},"fnMap":{},"branchMap":{},"s":{"0":2,"1":2,"2":2,"3":2},"f":{},"b":{}}
,"C:\\Users\\user\\Desktop\\finance-tracker\\backend\\src\\models\\Category.ts": {"path":"C:\\Users\\user\\Desktop\\finance-tracker\\backend\\src\\models\\Category.ts","statementMap":{"0":{"start":{"line":1,"column":0},"end":{"line":1,"column":54}},"1":{"start":{"line":10,"column":23},"end":{"line":16,"column":null}},"2":{"start":{"line":19,"column":17},"end":{"line":19,"column":70}},"3":{"start":{"line":20,"column":0},"end":{"line":20,"column":24}}},"fnMap":{},"branchMap":{},"s":{"0":4,"1":4,"2":4,"3":4},"f":{},"b":{}}
,"C:\\Users\\user\\Desktop\\finance-tracker\\backend\\src\\models\\Transaction.ts": {"path":"C:\\Users\\user\\Desktop\\finance-tracker\\backend\\src\\models\\Transaction.ts","statementMap":{"0":{"start":{"line":1,"column":0},"end":{"line":1,"column":54}},"1":{"start":{"line":13,"column":26},"end":{"line":22,"column":null}},"2":{"start":{"line":25,"column":20},"end":{"line":25,"column":82}},"3":{"start":{"line":26,"column":0},"end":{"line":26,"column":27}}},"fnMap":{},"branchMap":{},"s":{"0":2,"1":2,"2":2,"3":2},"f":{},"b":{}}
,"C:\\Users\\user\\Desktop\\finance-tracker\\backend\\src\\models\\User.ts": {"path":"C:\\Users\\user\\Desktop\\finance-tracker\\backend\\src\\models\\User.ts","statementMap":{"0":{"start":{"line":1,"column":0},"end":{"line":1,"column":54}},"1":{"start":{"line":12,"column":19},"end":{"line":21,"column":null}},"2":{"start":{"line":24,"column":13},"end":{"line":24,"column":54}},"3":{"start":{"line":25,"column":0},"end":{"line":25,"column":20}}},"fnMap":{},"branchMap":{},"s":{"0":2,"1":2,"2":2,"3":2},"f":{},"b":{}}
,"C:\\Users\\user\\Desktop\\finance-tracker\\backend\\src\\routes\\authRoutes.ts": {"path":"C:\\Users\\user\\Desktop\\finance-tracker\\backend\\src\\routes\\authRoutes.ts","statementMap":{"0":{"start":{"line":1,"column":0},"end":{"line":1,"column":33}},"1":{"start":{"line":2,"column":0},"end":{"line":2,"column":92}},"2":{"start":{"line":3,"column":0},"end":{"line":3,"column":64}},"3":{"start":{"line":4,"column":0},"end":{"line":4,"column":75}},"4":{"start":{"line":5,"column":0},"end":{"line":5,"column":55}},"5":{"start":{"line":7,"column":15},"end":{"line":7,"column":23}},"6":{"start":{"line":9,"column":0},"end":{"line":9,"column":72}},"7":{"start":{"line":10,"column":0},"end":{"line":10,"column":63}},"8":{"start":{"line":11,"column":0},"end":{"line":11,"column":34}},"9":{"start":{"line":12,"column":0},"end":{"line":12,"column":null}},"10":{"start":{"line":14,"column":0},"end":{"line":14,"column":22}}},"fnMap":{},"branchMap":{},"s":{"0":1,"1":1,"2":1,"3":1,"4":1,"5":1,"6":1,"7":1,"8":1,"9":1,"10":1},"f":{},"b":{}}
,"C:\\Users\\user\\Desktop\\finance-tracker\\backend\\src\\routes\\budgetRoutes.ts": {"path":"C:\\Users\\user\\Desktop\\finance-tracker\\backend\\src\\routes\\budgetRoutes.ts","statementMap":{"0":{"start":{"line":1,"column":0},"end":{"line":1,"column":33}},"1":{"start":{"line":2,"column":0},"end":{"line":2,"column":103}},"2":{"start":{"line":3,"column":0},"end":{"line":3,"column":55}},"3":{"start":{"line":4,"column":0},"end":{"line":4,"column":73}},"4":{"start":{"line":6,"column":19},"end":{"line":6,"column":27}},"5":{"start":{"line":8,"column":0},"end":{"line":8,"column":null}},"6":{"start":{"line":9,"column":0},"end":{"line":9,"column":null}},"7":{"start":{"line":10,"column":0},"end":{"line":10,"column":null}},"8":{"start":{"line":11,"column":0},"end":{"line":11,"column":null}},"9":{"start":{"line":12,"column":0},"end":{"line":12,"column":null}},"10":{"start":{"line":14,"column":0},"end":{"line":14,"column":null}}},"fnMap":{},"branchMap":{},"s":{"0":1,"1":1,"2":1,"3":1,"4":1,"5":1,"6":1,"7":1,"8":1,"9":1,"10":1},"f":{},"b":{}}
,"C:\\Users\\user\\Desktop\\finance-tracker\\backend\\src\\routes\\categoryRoutes.ts": {"path":"C:\\Users\\user\\Desktop\\finance-tracker\\backend\\src\\routes\\categoryRoutes.ts","statementMap":{"0":{"start":{"line":1,"column":0},"end":{"line":1,"column":33}},"1":{"start":{"line":2,"column":0},"end":{"line":2,"column":55}},"2":{"start":{"line":3,"column":0},"end":{"line":3,"column":null}},"3":{"start":{"line":9,"column":0},"end":{"line":9,"column":64}},"4":{"start":{"line":10,"column":0},"end":{"line":10,"column":66}},"5":{"start":{"line":12,"column":15},"end":{"line":12,"column":23}},"6":{"start":{"line":14,"column":0},"end":{"line":14,"column":20}},"7":{"start":{"line":16,"column":0},"end":{"line":16,"column":66}},"8":{"start":{"line":17,"column":0},"end":{"line":17,"column":31}},"9":{"start":{"line":18,"column":0},"end":{"line":18,"column":68}},"10":{"start":{"line":19,"column":0},"end":{"line":19,"column":38}},"11":{"start":{"line":21,"column":0},"end":{"line":21,"column":22}}},"fnMap":{},"branchMap":{},"s":{"0":1,"1":1,"2":1,"3":1,"4":1,"5":1,"6":1,"7":1,"8":1,"9":1,"10":1,"11":1},"f":{},"b":{}}
,"C:\\Users\\user\\Desktop\\finance-tracker\\backend\\src\\routes\\transactionRoutes.ts": {"path":"C:\\Users\\user\\Desktop\\finance-tracker\\backend\\src\\routes\\transactionRoutes.ts","statementMap":{"0":{"start":{"line":1,"column":0},"end":{"line":1,"column":33}},"1":{"start":{"line":2,"column":0},"end":{"line":2,"column":55}},"2":{"start":{"line":3,"column":0},"end":{"line":3,"column":64}},"3":{"start":{"line":4,"column":0},"end":{"line":4,"column":72}},"4":{"start":{"line":5,"column":0},"end":{"line":5,"column":null}},"5":{"start":{"line":12,"column":15},"end":{"line":12,"column":23}},"6":{"start":{"line":14,"column":0},"end":{"line":14,"column":20}},"7":{"start":{"line":16,"column":0},"end":{"line":16,"column":33}},"8":{"start":{"line":17,"column":0},"end":{"line":17,"column":72}},"9":{"start":{"line":18,"column":0},"end":{"line":18,"column":41}},"10":{"start":{"line":19,"column":0},"end":{"line":19,"column":42}},"11":{"start":{"line":21,"column":0},"end":{"line":21,"column":22}}},"fnMap":{},"branchMap":{},"s":{"0":1,"1":1,"2":1,"3":1,"4":1,"5":1,"6":1,"7":1,"8":1,"9":1,"10":1,"11":1},"f":{},"b":{}}
,"C:\\Users\\user\\Desktop\\finance-tracker\\backend\\src\\utils\\generateToken.ts": {"path":"C:\\Users\\user\\Desktop\\finance-tracker\\backend\\src\\utils\\generateToken.ts","statementMap":{"0":{"start":{"line":1,"column":0},"end":{"line":1,"column":31}},"1":{"start":{"line":2,"column":0},"end":{"line":2,"column":36}},"2":{"start":{"line":4,"column":29},"end":{"line":6,"column":1}},"3":{"start":{"line":5,"column":4},"end":{"line":5,"column":65}},"4":{"start":{"line":4,"column":13},"end":{"line":4,"column":29}}},"fnMap":{"0":{"name":"(anonymous_1)","decl":{"start":{"line":4,"column":29},"end":{"line":4,"column":30}},"loc":{"start":{"line":4,"column":52},"end":{"line":6,"column":1}}}},"branchMap":{},"s":{"0":1,"1":1,"2":1,"3":0,"4":1},"f":{"0":0},"b":{}}
,"C:\\Users\\user\\Desktop\\finance-tracker\\backend\\src\\utils\\mail.ts": {"path":"C:\\Users\\user\\Desktop\\finance-tracker\\backend\\src\\utils\\mail.ts","statementMap":{"0":{"start":{"line":1,"column":0},"end":{"line":1,"column":36}},"1":{"start":{"line":3,"column":37},"end":{"line":30,"column":1}},"2":{"start":{"line":4,"column":24},"end":{"line":10,"column":6}},"3":{"start":{"line":12,"column":29},"end":{"line":12,"column":72}},"4":{"start":{"line":14,"column":24},"end":{"line":25,"column":6}},"5":{"start":{"line":29,"column":4},"end":{"line":29,"column":44}},"6":{"start":{"line":3,"column":13},"end":{"line":3,"column":37}},"7":{"start":{"line":33,"column":39},"end":{"line":75,"column":1}},"8":{"start":{"line":39,"column":22},"end":{"line":45,"column":4}},"9":{"start":{"line":47,"column":23},"end":{"line":49,"column":13}},"10":{"start":{"line":48,"column":19},"end":{"line":48,"column":87}},"11":{"start":{"line":51,"column":22},"end":{"line":72,"column":4}},"12":{"start":{"line":74,"column":2},"end":{"line":74,"column":42}},"13":{"start":{"line":33,"column":13},"end":{"line":33,"column":39}},"14":{"start":{"line":78,"column":31},"end":{"line":116,"column":1}},"15":{"start":{"line":92,"column":22},"end":{"line":98,"column":4}},"16":{"start":{"line":100,"column":22},"end":{"line":113,"column":4}},"17":{"start":{"line":115,"column":2},"end":{"line":115,"column":42}},"18":{"start":{"line":78,"column":13},"end":{"line":78,"column":31}}},"fnMap":{"0":{"name":"(anonymous_1)","decl":{"start":{"line":3,"column":37},"end":{"line":3,"column":42}},"loc":{"start":{"line":3,"column":76},"end":{"line":30,"column":1}}},"1":{"name":"(anonymous_2)","decl":{"start":{"line":33,"column":39},"end":{"line":33,"column":44}},"loc":{"start":{"line":38,"column":4},"end":{"line":75,"column":1}}},"2":{"name":"(anonymous_3)","decl":{"start":{"line":48,"column":9},"end":{"line":48,"column":10}},"loc":{"start":{"line":48,"column":19},"end":{"line":48,"column":87}}},"3":{"name":"(anonymous_4)","decl":{"start":{"line":78,"column":31},"end":{"line":78,"column":36}},"loc":{"start":{"line":91,"column":4},"end":{"line":116,"column":1}}}},"branchMap":{},"s":{"0":3,"1":3,"2":2,"3":2,"4":2,"5":2,"6":3,"7":3,"8":1,"9":1,"10":2,"11":1,"12":1,"13":3,"14":3,"15":0,"16":0,"17":0,"18":3},"f":{"0":2,"1":1,"2":2,"3":0},"b":{}}
,"C:\\Users\\user\\Desktop\\finance-tracker\\backend\\src\\validators\\authValidators.ts": {"path":"C:\\Users\\user\\Desktop\\finance-tracker\\backend\\src\\validators\\authValidators.ts","statementMap":{"0":{"start":{"line":1,"column":0},"end":{"line":1,"column":22}},"1":{"start":{"line":3,"column":13},"end":{"line":7,"column":3}},"2":{"start":{"line":9,"column":13},"end":{"line":12,"column":3}}},"fnMap":{},"branchMap":{},"s":{"0":1,"1":1,"2":1},"f":{},"b":{}}
,"C:\\Users\\user\\Desktop\\finance-tracker\\backend\\src\\validators\\categoryValidators.ts": {"path":"C:\\Users\\user\\Desktop\\finance-tracker\\backend\\src\\validators\\categoryValidators.ts","statementMap":{"0":{"start":{"line":1,"column":0},"end":{"line":1,"column":22}},"1":{"start":{"line":3,"column":13},"end":{"line":6,"column":3}}},"fnMap":{},"branchMap":{},"s":{"0":1,"1":1},"f":{},"b":{}}
,"C:\\Users\\user\\Desktop\\finance-tracker\\backend\\src\\validators\\transactionValidators.ts": {"path":"C:\\Users\\user\\Desktop\\finance-tracker\\backend\\src\\validators\\transactionValidators.ts","statementMap":{"0":{"start":{"line":1,"column":0},"end":{"line":1,"column":22}},"1":{"start":{"line":3,"column":13},"end":{"line":9,"column":3}}},"fnMap":{},"branchMap":{},"s":{"0":1,"1":1},"f":{},"b":{}}
}
