TN:
SF:src\app.ts
FNF:0
FNH:0
DA:1,1
DA:2,1
DA:3,1
DA:4,1
DA:5,1
DA:6,1
DA:7,1
DA:8,1
DA:10,1
DA:13,1
DA:14,1
DA:15,1
DA:18,1
DA:19,1
DA:20,1
DA:21,1
DA:24,1
DA:26,1
LF:18
LH:18
BRF:0
BRH:0
end_of_record
TN:
SF:src\config\env.ts
FNF:0
FNH:0
DA:1,3
DA:2,3
DA:4,3
LF:3
LH:3
BRDA:5,0,0,3
BRDA:5,0,1,0
BRDA:6,1,0,3
BRDA:6,1,1,0
BRDA:7,2,0,3
BRDA:7,2,1,0
BRF:6
BRH:3
end_of_record
TN:
SF:src\controllers\authController.ts
FN:8,(anonymous_1)
FN:40,(anonymous_2)
FN:61,(anonymous_3)
FN:85,(anonymous_4)
FNF:4
FNH:4
FNDA:4,(anonymous_1)
FNDA:2,(anonymous_2)
FNDA:4,(anonymous_3)
FNDA:2,(anonymous_4)
DA:2,1
DA:3,1
DA:4,1
DA:5,1
DA:6,1
DA:8,1
DA:9,4
DA:11,4
DA:12,4
DA:13,4
DA:14,2
DA:17,2
DA:18,1
DA:21,1
DA:22,1
DA:24,1
DA:32,1
DA:34,1
DA:40,1
DA:41,2
DA:43,2
DA:45,2
DA:46,2
DA:49,2
DA:50,1
DA:53,1
DA:54,1
DA:55,1
DA:57,1
DA:61,1
DA:62,4
DA:64,4
DA:65,4
DA:67,3
DA:68,3
DA:70,2
DA:71,1
DA:76,1
DA:85,1
DA:86,2
DA:87,2
DA:88,1
LF:42
LH:42
BRDA:13,0,0,2
BRDA:17,1,0,1
BRDA:49,2,0,1
BRDA:65,3,0,1
BRDA:68,4,0,1
BRDA:70,5,0,1
BRDA:87,6,0,1
BRF:7
BRH:7
end_of_record
TN:
SF:src\controllers\budgetController.ts
FN:6,(anonymous_1)
FN:18,(anonymous_2)
FN:24,(anonymous_3)
FN:25,(anonymous_4)
FN:41,(anonymous_5)
FN:67,(anonymous_6)
FN:97,(anonymous_7)
FN:101,(anonymous_8)
FNF:8
FNH:5
FNDA:3,(anonymous_1)
FNDA:0,(anonymous_2)
FNDA:0,(anonymous_3)
FNDA:0,(anonymous_4)
FNDA:3,(anonymous_5)
FNDA:3,(anonymous_6)
FNDA:2,(anonymous_7)
FNDA:2,(anonymous_8)
DA:2,2
DA:3,2
DA:4,2
DA:6,2
DA:7,3
DA:8,3
DA:10,3
DA:12,0
DA:13,0
DA:18,0
DA:21,0
DA:24,0
DA:25,0
DA:26,0
DA:32,0
DA:35,3
DA:36,3
DA:41,2
DA:42,3
DA:43,3
DA:49,2
DA:50,1
DA:53,1
DA:58,1
DA:59,1
DA:67,2
DA:68,3
DA:69,3
DA:74,2
DA:75,1
DA:81,1
DA:83,1
DA:88,1
DA:89,1
DA:97,2
DA:98,2
DA:99,2
DA:101,2
DA:103,2
DA:109,1
DA:110,2
DA:120,1
DA:122,0
DA:127,2
LF:44
LH:35
BRDA:12,0,0,0
BRDA:12,1,0,0
BRDA:12,1,1,0
BRDA:49,2,0,1
BRDA:74,3,0,1
BRF:5
BRH:2
end_of_record
TN:
SF:src\controllers\categoryController.ts
FN:4,(anonymous_1)
FN:15,(anonymous_2)
FN:25,(anonymous_3)
FN:43,(anonymous_4)
FNF:4
FNH:4
FNDA:2,(anonymous_1)
FNDA:2,(anonymous_2)
FNDA:3,(anonymous_3)
FNDA:3,(anonymous_4)
DA:2,2
DA:4,2
DA:5,2
DA:6,2
DA:7,2
DA:8,2
DA:9,1
DA:11,1
DA:15,2
DA:16,2
DA:17,2
DA:18,2
DA:19,1
DA:21,1
DA:25,2
DA:26,3
DA:27,3
DA:28,3
DA:29,3
DA:31,3
DA:36,2
DA:37,1
DA:39,1
DA:43,2
DA:44,3
DA:45,3
DA:46,3
DA:48,3
DA:49,2
DA:50,1
DA:52,1
LF:31
LH:31
BRDA:36,0,0,1
BRDA:49,1,0,1
BRF:2
BRH:2
end_of_record
TN:
SF:src\controllers\transactionController.ts
FN:5,(anonymous_1)
FN:57,(anonymous_2)
FN:83,(anonymous_3)
FN:96,(anonymous_4)
FN:123,(anonymous_5)
FNF:5
FNH:5
FNDA:2,(anonymous_1)
FNDA:3,(anonymous_2)
FNDA:3,(anonymous_3)
FNDA:3,(anonymous_4)
FNDA:2,(anonymous_5)
DA:2,2
DA:3,2
DA:5,2
DA:6,2
DA:7,2
DA:16,2
DA:18,2
DA:19,2
DA:20,0
DA:22,2
DA:23,0
DA:24,0
DA:25,0
DA:28,2
DA:29,2
DA:31,2
DA:32,2
DA:34,2
DA:43,1
DA:53,1
DA:57,2
DA:58,3
DA:59,3
DA:60,3
DA:62,3
DA:63,2
DA:64,1
DA:67,1
DA:76,1
DA:77,1
DA:79,1
DA:83,2
DA:84,3
DA:85,3
DA:86,3
DA:88,3
DA:89,2
DA:90,1
DA:92,1
DA:96,2
DA:97,3
DA:98,3
DA:99,3
DA:101,3
DA:102,3
DA:103,3
DA:105,3
DA:107,3
DA:118,2
DA:123,2
DA:124,2
DA:130,2
DA:135,1
LF:53
LH:49
BRDA:9,0,0,1
BRDA:10,1,0,1
BRDA:11,2,0,1
BRDA:12,3,0,1
BRDA:13,4,0,1
BRDA:19,5,0,0
BRDA:22,6,0,0
BRDA:22,7,0,2
BRDA:22,7,1,2
BRDA:24,8,0,0
BRDA:25,9,0,0
BRDA:29,10,0,0
BRDA:29,10,1,2
BRDA:31,11,0,2
BRDA:31,11,1,0
BRDA:32,12,0,2
BRDA:32,12,1,0
BRDA:63,13,0,1
BRDA:89,14,0,1
BRDA:102,15,0,1
BRDA:103,16,0,1
BRDA:105,17,0,1
BRDA:105,17,1,2
BRDA:105,18,0,3
BRDA:105,18,1,2
BRF:25
BRH:18
end_of_record
TN:
SF:src\middleware\authMiddleware.ts
FN:18,(anonymous_1)
FNF:1
FNH:1
FNDA:5,(anonymous_1)
DA:2,2
DA:3,2
DA:4,2
DA:18,2
DA:25,5
DA:29,3
DA:32,5
DA:33,2
DA:36,3
DA:37,3
DA:38,2
DA:39,0
DA:40,0
DA:42,0
DA:44,3
LF:15
LH:12
BRDA:25,0,0,3
BRDA:26,1,0,5
BRDA:26,1,1,4
BRDA:32,2,0,2
BRDA:39,3,0,0
BRF:5
BRH:4
end_of_record
TN:
SF:src\middleware\categoryMiddleware.ts
FN:4,(anonymous_1)
FNF:1
FNH:1
FNDA:4,(anonymous_1)
DA:2,2
DA:4,2
DA:5,4
DA:6,4
DA:8,4
DA:9,1
DA:14,3
DA:19,2
DA:20,1
DA:25,1
DA:27,1
DA:30,1
DA:31,1
LF:13
LH:13
BRDA:8,0,0,1
BRDA:8,1,0,4
BRDA:8,1,1,4
BRDA:19,2,0,1
BRF:4
BRH:4
end_of_record
TN:
SF:src\middleware\errorHandler.ts
FN:3,(anonymous_0)
FNF:1
FNH:0
FNDA:0,(anonymous_0)
DA:3,1
DA:9,0
DA:10,0
LF:3
LH:1
BRF:0
BRH:0
end_of_record
TN:
SF:src\middleware\validateRequest.ts
FN:4,(anonymous_0)
FN:5,(anonymous_1)
FNF:2
FNH:2
FNDA:5,(anonymous_0)
FNDA:1,(anonymous_1)
DA:4,1
DA:5,5
DA:6,1
DA:7,1
DA:8,1
LF:5
LH:5
BRDA:7,0,0,0
BRF:1
BRH:0
end_of_record
TN:
SF:src\models\Budget.ts
FNF:0
FNH:0
DA:1,2
DA:20,2
DA:34,2
DA:35,2
LF:4
LH:4
BRF:0
BRH:0
end_of_record
TN:
SF:src\models\BudgetItems.ts
FNF:0
FNH:0
DA:1,2
DA:13,2
DA:21,2
DA:23,2
LF:4
LH:4
BRF:0
BRH:0
end_of_record
TN:
SF:src\models\Category.ts
FNF:0
FNH:0
DA:1,4
DA:10,4
DA:19,4
DA:20,4
LF:4
LH:4
BRF:0
BRH:0
end_of_record
TN:
SF:src\models\Transaction.ts
FNF:0
FNH:0
DA:1,2
DA:13,2
DA:25,2
DA:26,2
LF:4
LH:4
BRF:0
BRH:0
end_of_record
TN:
SF:src\models\User.ts
FNF:0
FNH:0
DA:1,2
DA:12,2
DA:24,2
DA:25,2
LF:4
LH:4
BRF:0
BRH:0
end_of_record
TN:
SF:src\routes\authRoutes.ts
FNF:0
FNH:0
DA:1,1
DA:2,1
DA:3,1
DA:4,1
DA:5,1
DA:7,1
DA:9,1
DA:10,1
DA:11,1
DA:12,1
DA:14,1
LF:11
LH:11
BRF:0
BRH:0
end_of_record
TN:
SF:src\routes\budgetRoutes.ts
FNF:0
FNH:0
DA:1,1
DA:2,1
DA:3,1
DA:4,1
DA:6,1
DA:8,1
DA:9,1
DA:10,1
DA:11,1
DA:12,1
DA:14,1
LF:11
LH:11
BRF:0
BRH:0
end_of_record
TN:
SF:src\routes\categoryRoutes.ts
FNF:0
FNH:0
DA:1,1
DA:2,1
DA:3,1
DA:9,1
DA:10,1
DA:12,1
DA:14,1
DA:16,1
DA:17,1
DA:18,1
DA:19,1
DA:21,1
LF:12
LH:12
BRF:0
BRH:0
end_of_record
TN:
SF:src\routes\transactionRoutes.ts
FNF:0
FNH:0
DA:1,1
DA:2,1
DA:3,1
DA:4,1
DA:5,1
DA:12,1
DA:14,1
DA:16,1
DA:17,1
DA:18,1
DA:19,1
DA:21,1
LF:12
LH:12
BRF:0
BRH:0
end_of_record
TN:
SF:src\utils\generateToken.ts
FN:4,(anonymous_1)
FNF:1
FNH:0
FNDA:0,(anonymous_1)
DA:1,1
DA:2,1
DA:4,1
DA:5,0
LF:4
LH:3
BRF:0
BRH:0
end_of_record
TN:
SF:src\utils\mail.ts
FN:3,(anonymous_1)
FN:33,(anonymous_2)
FN:48,(anonymous_3)
FN:78,(anonymous_4)
FNF:4
FNH:3
FNDA:2,(anonymous_1)
FNDA:1,(anonymous_2)
FNDA:2,(anonymous_3)
FNDA:0,(anonymous_4)
DA:1,3
DA:3,3
DA:4,2
DA:12,2
DA:14,2
DA:29,2
DA:33,3
DA:39,1
DA:47,1
DA:48,2
DA:51,1
DA:74,1
DA:78,3
DA:92,0
DA:100,0
DA:115,0
LF:16
LH:13
BRF:0
BRH:0
end_of_record
TN:
SF:src\validators\authValidators.ts
FNF:0
FNH:0
DA:1,1
DA:3,1
DA:9,1
LF:3
LH:3
BRF:0
BRH:0
end_of_record
TN:
SF:src\validators\categoryValidators.ts
FNF:0
FNH:0
DA:1,1
DA:3,1
LF:2
LH:2
BRF:0
BRH:0
end_of_record
TN:
SF:src\validators\transactionValidators.ts
FNF:0
FNH:0
DA:1,1
DA:3,1
LF:2
LH:2
BRF:0
BRH:0
end_of_record
